1.9.0+cu111
Current Torch version: 1.9
1.9.0+cu111
Current Torch version: 1.9
1.9.0+cu111
Current Torch version: 1.9
| distributed init (rank 1): env://, gpu 1
1.9.0+cu111
Current Torch version: 1.9
| distributed init (rank 0): env://, gpu 0
[20:25:12.487778] job dir: /data/disk2/yer/ForensicHub/ForensicHub/training_scripts
[20:25:12.487871] =====args:=====
[20:25:12.488054] Namespace(accum_iter=1,
batch_size=8,
blr=0.001,
checkpoint_path='./log/columbia',
device='cuda',
dist_backend='nccl',
dist_on_itp=False,
dist_url='env://',
distributed=True,
epochs=100,
find_unused_parameters=True,
flag='train',
gpu=0,
gpus='0,1',
if_not_amp=False,
if_predict_label=True,
if_predict_mask=True,
local_rank=-1,
log_dir='./log/columbia',
log_per_epoch_count=10,
loss=Namespace(seg_weight=0.5),
lr=0.0001,
min_lr=1e-05,
no_model_eval=False,
num_workers=8,
output_dir='./log/columbia',
pin_mem=True,
rank=0,
record_epoch=1,
resume='',
seed=42,
start_epoch=0,
test_batch_size=8,
test_period=1000,
use_amp=True,
warmup_epochs=2,
weight_decay=0.005,
world_size=2)
[20:25:12.488637] [build_from_registry] Creating model 'BisaiTransform' with args: {'norm_type': 'image_net'}
[20:25:12.489858] Train transform:  Compose([
  HorizontalFlip(always_apply=False, p=0.5),
  VerticalFlip(always_apply=False, p=0.5),
  RandomBrightnessContrast(always_apply=False, p=1, brightness_limit=(-0.1, 0.1), contrast_limit=(-0.1, 0.1), brightness_by_max=True),
  ImageCompression(always_apply=False, p=0.2, quality_lower=70, quality_upper=100, compression_type=0),
  RandomRotate90(always_apply=False, p=0.5),
  GaussianBlur(always_apply=False, p=0.2, blur_limit=(3, 7), sigma_limit=(0, 0)),
], p=1.0, bbox_params=None, keypoint_params=None, additional_targets={})
[20:25:12.490214] Test transform:  Compose([
], p=1.0, bbox_params=None, keypoint_params=None, additional_targets={})
[20:25:12.490268] Post transform:  Compose([
  Normalize(always_apply=False, p=1.0, mean=[0.485, 0.456, 0.406], std=[0.229, 0.224, 0.225], max_pixel_value=255.0),
  ToTensorV2(always_apply=True, p=1.0, transpose_mask=True),
], p=1.0, bbox_params=None, keypoint_params=None, additional_targets={})
[20:25:12.490368] Post function check: focal_post_func
[20:25:12.490397] None
[20:25:12.490593] [build_from_registry] Creating model 'ColumbiaDataset' with args: {'image_size': 512, 'include_original': True, 'root_dir': '/data/disk2/yer/Dataset/forgery/Columbia', 'post_funcs': None, 'common_transform': Compose([
  HorizontalFlip(always_apply=False, p=0.5),
  VerticalFlip(always_apply=False, p=0.5),
  RandomBrightnessContrast(always_apply=False, p=1, brightness_limit=(-0.1, 0.1), contrast_limit=(-0.1, 0.1), brightness_by_max=True),
  ImageCompression(always_apply=False, p=0.2, quality_lower=70, quality_upper=100, compression_type=0),
  RandomRotate90(always_apply=False, p=0.5),
  GaussianBlur(always_apply=False, p=0.2, blur_limit=(3, 7), sigma_limit=(0, 0)),
], p=1.0, bbox_params=None, keypoint_params=None, additional_targets={}), 'post_transform': Compose([
  Normalize(always_apply=False, p=1.0, mean=[0.485, 0.456, 0.406], std=[0.229, 0.224, 0.225], max_pixel_value=255.0),
  ToTensorV2(always_apply=True, p=1.0, transpose_mask=True),
], p=1.0, bbox_params=None, keypoint_params=None, additional_targets={})}
[20:25:12.523209] [build_from_registry] Creating model 'ColumbiaDataset' with args: {'image_size': 512, 'include_original': True, 'root_dir': '/data/disk2/yer/Dataset/forgery/Columbia', 'post_funcs': None, 'common_transform': Compose([
], p=1.0, bbox_params=None, keypoint_params=None, additional_targets={}), 'post_transform': Compose([
  Normalize(always_apply=False, p=1.0, mean=[0.485, 0.456, 0.406], std=[0.229, 0.224, 0.225], max_pixel_value=255.0),
  ToTensorV2(always_apply=True, p=1.0, transpose_mask=True),
], p=1.0, bbox_params=None, keypoint_params=None, additional_targets={})}
[20:25:12.533066] Train dataset: columbia.
[20:25:12.533097] 363
[20:25:12.533126] [ColumbiaDataset] at /data/disk2/yer/Dataset/forgery/Columbia, with length of 363
[20:25:12.533145] Test dataset: ['columbia'].
[20:25:12.533160] [363]
[20:25:12.533260] Sampler_train = <torch.utils.data.distributed.DistributedSampler object at 0x7f81e2545520>
[20:25:12.533275] Sampler_test = <torch.utils.data.distributed.DistributedSampler object at 0x7f81e2545400>
[20:25:12.535701] [build_from_registry] Creating model 'focal' with args: {'pretrained_path': '/data/disk2/yer/ForensicHub/external/FOCAL/weights/HRNet_W48_C_ssld_pretrained.pth'}
[20:25:12.932481] [WARN] HRNet 预训练权重加载失败: 'HRNet' object has no attribute 'backbone'
[20:25:13.545086] [build_from_registry] Creating model 'ImageF1' with args: {}
[20:25:13.545178] [build_from_registry] Creating model 'PixelF1' with args: {'threshold': 0.5}
[20:25:13.545205] Evaluators: [<IMDLBenCo.evaluation.F1.ImageF1 object at 0x7f81bd6473d0>, <IMDLBenCo.evaluation.F1.PixelF1 object at 0x7f81bd647400>]
[20:25:13.657127] Model = BisaiFOCAL(
  (backbone): FocalBackboneWrapper(
    (enc): FOCAL_HRNet(
      (net): HRNet(
        (conv1): Conv2d(3, 64, kernel_size=(3, 3), stride=(2, 2), padding=(1, 1), bias=False)
        (bn1): SyncBatchNorm(64, eps=1e-05, momentum=0.1, affine=True, track_running_stats=True)
        (conv2): Conv2d(64, 64, kernel_size=(3, 3), stride=(2, 2), padding=(1, 1), bias=False)
        (bn2): SyncBatchNorm(64, eps=1e-05, momentum=0.1, affine=True, track_running_stats=True)
        (relu): ReLU(inplace=True)
        (layer1): Sequential(
          (0): Bottleneck(
            (conv1): Conv2d(64, 64, kernel_size=(1, 1), stride=(1, 1), bias=False)
            (bn1): SyncBatchNorm(64, eps=1e-05, momentum=0.1, affine=True, track_running_stats=True)
            (conv2): Conv2d(64, 64, kernel_size=(3, 3), stride=(1, 1), padding=(1, 1), bias=False)
            (bn2): SyncBatchNorm(64, eps=1e-05, momentum=0.1, affine=True, track_running_stats=True)
            (conv3): Conv2d(64, 256, kernel_size=(1, 1), stride=(1, 1), bias=False)
            (bn3): SyncBatchNorm(256, eps=1e-05, momentum=0.1, affine=True, track_running_stats=True)
            (relu): ReLU(inplace=True)
            (downsample): Sequential(
              (0): Conv2d(64, 256, kernel_size=(1, 1), stride=(1, 1), bias=False)
              (1): SyncBatchNorm(256, eps=1e-05, momentum=0.1, affine=True, track_running_stats=True)
            )
          )
          (1): Bottleneck(
            (conv1): Conv2d(256, 64, kernel_size=(1, 1), stride=(1, 1), bias=False)
            (bn1): SyncBatchNorm(64, eps=1e-05, momentum=0.1, affine=True, track_running_stats=True)
            (conv2): Conv2d(64, 64, kernel_size=(3, 3), stride=(1, 1), padding=(1, 1), bias=False)
            (bn2): SyncBatchNorm(64, eps=1e-05, momentum=0.1, affine=True, track_running_stats=True)
            (conv3): Conv2d(64, 256, kernel_size=(1, 1), stride=(1, 1), bias=False)
            (bn3): SyncBatchNorm(256, eps=1e-05, momentum=0.1, affine=True, track_running_stats=True)
            (relu): ReLU(inplace=True)
          )
          (2): Bottleneck(
            (conv1): Conv2d(256, 64, kernel_size=(1, 1), stride=(1, 1), bias=False)
            (bn1): SyncBatchNorm(64, eps=1e-05, momentum=0.1, affine=True, track_running_stats=True)
            (conv2): Conv2d(64, 64, kernel_size=(3, 3), stride=(1, 1), padding=(1, 1), bias=False)
            (bn2): SyncBatchNorm(64, eps=1e-05, momentum=0.1, affine=True, track_running_stats=True)
            (conv3): Conv2d(64, 256, kernel_size=(1, 1), stride=(1, 1), bias=False)
            (bn3): SyncBatchNorm(256, eps=1e-05, momentum=0.1, affine=True, track_running_stats=True)
            (relu): ReLU(inplace=True)
          )
          (3): Bottleneck(
            (conv1): Conv2d(256, 64, kernel_size=(1, 1), stride=(1, 1), bias=False)
            (bn1): SyncBatchNorm(64, eps=1e-05, momentum=0.1, affine=True, track_running_stats=True)
            (conv2): Conv2d(64, 64, kernel_size=(3, 3), stride=(1, 1), padding=(1, 1), bias=False)
            (bn2): SyncBatchNorm(64, eps=1e-05, momentum=0.1, affine=True, track_running_stats=True)
            (conv3): Conv2d(64, 256, kernel_size=(1, 1), stride=(1, 1), bias=False)
            (bn3): SyncBatchNorm(256, eps=1e-05, momentum=0.1, affine=True, track_running_stats=True)
            (relu): ReLU(inplace=True)
          )
        )
        (transition1): ModuleList(
          (0): Sequential(
            (0): Conv2d(256, 32, kernel_size=(3, 3), stride=(1, 1), padding=(1, 1), bias=False)
            (1): SyncBatchNorm(32, eps=1e-05, momentum=0.1, affine=True, track_running_stats=True)
            (2): ReLU(inplace=True)
          )
          (1): Sequential(
            (0): Sequential(
              (0): Conv2d(256, 64, kernel_size=(3, 3), stride=(2, 2), padding=(1, 1), bias=False)
              (1): SyncBatchNorm(64, eps=1e-05, momentum=0.1, affine=True, track_running_stats=True)
              (2): ReLU(inplace=True)
            )
          )
        )
        (stage2): Sequential(
          (0): HighResolutionModule(
            (branches): ModuleList(
              (0): Sequential(
                (0): BasicBlock(
                  (conv1): Conv2d(32, 32, kernel_size=(3, 3), stride=(1, 1), padding=(1, 1), bias=False)
                  (bn1): SyncBatchNorm(32, eps=1e-05, momentum=0.1, affine=True, track_running_stats=True)
                  (relu): ReLU(inplace=True)
                  (conv2): Conv2d(32, 32, kernel_size=(3, 3), stride=(1, 1), padding=(1, 1), bias=False)
                  (bn2): SyncBatchNorm(32, eps=1e-05, momentum=0.1, affine=True, track_running_stats=True)
                )
                (1): BasicBlock(
                  (conv1): Conv2d(32, 32, kernel_size=(3, 3), stride=(1, 1), padding=(1, 1), bias=False)
                  (bn1): SyncBatchNorm(32, eps=1e-05, momentum=0.1, affine=True, track_running_stats=True)
                  (relu): ReLU(inplace=True)
                  (conv2): Conv2d(32, 32, kernel_size=(3, 3), stride=(1, 1), padding=(1, 1), bias=False)
                  (bn2): SyncBatchNorm(32, eps=1e-05, momentum=0.1, affine=True, track_running_stats=True)
                )
                (2): BasicBlock(
                  (conv1): Conv2d(32, 32, kernel_size=(3, 3), stride=(1, 1), padding=(1, 1), bias=False)
                  (bn1): SyncBatchNorm(32, eps=1e-05, momentum=0.1, affine=True, track_running_stats=True)
                  (relu): ReLU(inplace=True)
                  (conv2): Conv2d(32, 32, kernel_size=(3, 3), stride=(1, 1), padding=(1, 1), bias=False)
                  (bn2): SyncBatchNorm(32, eps=1e-05, momentum=0.1, affine=True, track_running_stats=True)
                )
                (3): BasicBlock(
                  (conv1): Conv2d(32, 32, kernel_size=(3, 3), stride=(1, 1), padding=(1, 1), bias=False)
                  (bn1): SyncBatchNorm(32, eps=1e-05, momentum=0.1, affine=True, track_running_stats=True)
                  (relu): ReLU(inplace=True)
                  (conv2): Conv2d(32, 32, kernel_size=(3, 3), stride=(1, 1), padding=(1, 1), bias=False)
                  (bn2): SyncBatchNorm(32, eps=1e-05, momentum=0.1, affine=True, track_running_stats=True)
                )
              )
              (1): Sequential(
                (0): BasicBlock(
                  (conv1): Conv2d(64, 64, kernel_size=(3, 3), stride=(1, 1), padding=(1, 1), bias=False)
                  (bn1): SyncBatchNorm(64, eps=1e-05, momentum=0.1, affine=True, track_running_stats=True)
                  (relu): ReLU(inplace=True)
                  (conv2): Conv2d(64, 64, kernel_size=(3, 3), stride=(1, 1), padding=(1, 1), bias=False)
                  (bn2): SyncBatchNorm(64, eps=1e-05, momentum=0.1, affine=True, track_running_stats=True)
                )
                (1): BasicBlock(
                  (conv1): Conv2d(64, 64, kernel_size=(3, 3), stride=(1, 1), padding=(1, 1), bias=False)
                  (bn1): SyncBatchNorm(64, eps=1e-05, momentum=0.1, affine=True, track_running_stats=True)
                  (relu): ReLU(inplace=True)
                  (conv2): Conv2d(64, 64, kernel_size=(3, 3), stride=(1, 1), padding=(1, 1), bias=False)
                  (bn2): SyncBatchNorm(64, eps=1e-05, momentum=0.1, affine=True, track_running_stats=True)
                )
                (2): BasicBlock(
                  (conv1): Conv2d(64, 64, kernel_size=(3, 3), stride=(1, 1), padding=(1, 1), bias=False)
                  (bn1): SyncBatchNorm(64, eps=1e-05, momentum=0.1, affine=True, track_running_stats=True)
                  (relu): ReLU(inplace=True)
                  (conv2): Conv2d(64, 64, kernel_size=(3, 3), stride=(1, 1), padding=(1, 1), bias=False)
                  (bn2): SyncBatchNorm(64, eps=1e-05, momentum=0.1, affine=True, track_running_stats=True)
                )
                (3): BasicBlock(
                  (conv1): Conv2d(64, 64, kernel_size=(3, 3), stride=(1, 1), padding=(1, 1), bias=False)
                  (bn1): SyncBatchNorm(64, eps=1e-05, momentum=0.1, affine=True, track_running_stats=True)
                  (relu): ReLU(inplace=True)
                  (conv2): Conv2d(64, 64, kernel_size=(3, 3), stride=(1, 1), padding=(1, 1), bias=False)
                  (bn2): SyncBatchNorm(64, eps=1e-05, momentum=0.1, affine=True, track_running_stats=True)
                )
              )
            )
            (fuse_layers): ModuleList(
              (0): ModuleList(
                (0): None
                (1): Sequential(
                  (0): Conv2d(64, 32, kernel_size=(1, 1), stride=(1, 1), bias=False)
                  (1): SyncBatchNorm(32, eps=1e-05, momentum=0.1, affine=True, track_running_stats=True)
                  (2): Upsample(scale_factor=2.0, mode=nearest)
                )
              )
              (1): ModuleList(
                (0): Sequential(
                  (0): Sequential(
                    (0): Conv2d(32, 64, kernel_size=(3, 3), stride=(2, 2), padding=(1, 1), bias=False)
                    (1): SyncBatchNorm(64, eps=1e-05, momentum=0.1, affine=True, track_running_stats=True)
                  )
                )
                (1): None
              )
            )
            (relu): ReLU(inplace=True)
          )
        )
        (transition2): ModuleList(
          (0): None
          (1): None
          (2): Sequential(
            (0): Sequential(
              (0): Conv2d(64, 128, kernel_size=(3, 3), stride=(2, 2), padding=(1, 1), bias=False)
              (1): SyncBatchNorm(128, eps=1e-05, momentum=0.1, affine=True, track_running_stats=True)
              (2): ReLU(inplace=True)
            )
          )
        )
        (stage3): Sequential(
          (0): HighResolutionModule(
            (branches): ModuleList(
              (0): Sequential(
                (0): BasicBlock(
                  (conv1): Conv2d(32, 32, kernel_size=(3, 3), stride=(1, 1), padding=(1, 1), bias=False)
                  (bn1): SyncBatchNorm(32, eps=1e-05, momentum=0.1, affine=True, track_running_stats=True)
                  (relu): ReLU(inplace=True)
                  (conv2): Conv2d(32, 32, kernel_size=(3, 3), stride=(1, 1), padding=(1, 1), bias=False)
                  (bn2): SyncBatchNorm(32, eps=1e-05, momentum=0.1, affine=True, track_running_stats=True)
                )
                (1): BasicBlock(
                  (conv1): Conv2d(32, 32, kernel_size=(3, 3), stride=(1, 1), padding=(1, 1), bias=False)
                  (bn1): SyncBatchNorm(32, eps=1e-05, momentum=0.1, affine=True, track_running_stats=True)
                  (relu): ReLU(inplace=True)
                  (conv2): Conv2d(32, 32, kernel_size=(3, 3), stride=(1, 1), padding=(1, 1), bias=False)
                  (bn2): SyncBatchNorm(32, eps=1e-05, momentum=0.1, affine=True, track_running_stats=True)
                )
                (2): BasicBlock(
                  (conv1): Conv2d(32, 32, kernel_size=(3, 3), stride=(1, 1), padding=(1, 1), bias=False)
                  (bn1): SyncBatchNorm(32, eps=1e-05, momentum=0.1, affine=True, track_running_stats=True)
                  (relu): ReLU(inplace=True)
                  (conv2): Conv2d(32, 32, kernel_size=(3, 3), stride=(1, 1), padding=(1, 1), bias=False)
                  (bn2): SyncBatchNorm(32, eps=1e-05, momentum=0.1, affine=True, track_running_stats=True)
                )
                (3): BasicBlock(
                  (conv1): Conv2d(32, 32, kernel_size=(3, 3), stride=(1, 1), padding=(1, 1), bias=False)
                  (bn1): SyncBatchNorm(32, eps=1e-05, momentum=0.1, affine=True, track_running_stats=True)
                  (relu): ReLU(inplace=True)
                  (conv2): Conv2d(32, 32, kernel_size=(3, 3), stride=(1, 1), padding=(1, 1), bias=False)
                  (bn2): SyncBatchNorm(32, eps=1e-05, momentum=0.1, affine=True, track_running_stats=True)
                )
              )
              (1): Sequential(
                (0): BasicBlock(
                  (conv1): Conv2d(64, 64, kernel_size=(3, 3), stride=(1, 1), padding=(1, 1), bias=False)
                  (bn1): SyncBatchNorm(64, eps=1e-05, momentum=0.1, affine=True, track_running_stats=True)
                  (relu): ReLU(inplace=True)
                  (conv2): Conv2d(64, 64, kernel_size=(3, 3), stride=(1, 1), padding=(1, 1), bias=False)
                  (bn2): SyncBatchNorm(64, eps=1e-05, momentum=0.1, affine=True, track_running_stats=True)
                )
                (1): BasicBlock(
                  (conv1): Conv2d(64, 64, kernel_size=(3, 3), stride=(1, 1), padding=(1, 1), bias=False)
                  (bn1): SyncBatchNorm(64, eps=1e-05, momentum=0.1, affine=True, track_running_stats=True)
                  (relu): ReLU(inplace=True)
                  (conv2): Conv2d(64, 64, kernel_size=(3, 3), stride=(1, 1), padding=(1, 1), bias=False)
                  (bn2): SyncBatchNorm(64, eps=1e-05, momentum=0.1, affine=True, track_running_stats=True)
                )
                (2): BasicBlock(
                  (conv1): Conv2d(64, 64, kernel_size=(3, 3), stride=(1, 1), padding=(1, 1), bias=False)
                  (bn1): SyncBatchNorm(64, eps=1e-05, momentum=0.1, affine=True, track_running_stats=True)
                  (relu): ReLU(inplace=True)
                  (conv2): Conv2d(64, 64, kernel_size=(3, 3), stride=(1, 1), padding=(1, 1), bias=False)
                  (bn2): SyncBatchNorm(64, eps=1e-05, momentum=0.1, affine=True, track_running_stats=True)
                )
                (3): BasicBlock(
                  (conv1): Conv2d(64, 64, kernel_size=(3, 3), stride=(1, 1), padding=(1, 1), bias=False)
                  (bn1): SyncBatchNorm(64, eps=1e-05, momentum=0.1, affine=True, track_running_stats=True)
                  (relu): ReLU(inplace=True)
                  (conv2): Conv2d(64, 64, kernel_size=(3, 3), stride=(1, 1), padding=(1, 1), bias=False)
                  (bn2): SyncBatchNorm(64, eps=1e-05, momentum=0.1, affine=True, track_running_stats=True)
                )
              )
              (2): Sequential(
                (0): BasicBlock(
                  (conv1): Conv2d(128, 128, kernel_size=(3, 3), stride=(1, 1), padding=(1, 1), bias=False)
                  (bn1): SyncBatchNorm(128, eps=1e-05, momentum=0.1, affine=True, track_running_stats=True)
                  (relu): ReLU(inplace=True)
                  (conv2): Conv2d(128, 128, kernel_size=(3, 3), stride=(1, 1), padding=(1, 1), bias=False)
                  (bn2): SyncBatchNorm(128, eps=1e-05, momentum=0.1, affine=True, track_running_stats=True)
                )
                (1): BasicBlock(
                  (conv1): Conv2d(128, 128, kernel_size=(3, 3), stride=(1, 1), padding=(1, 1), bias=False)
                  (bn1): SyncBatchNorm(128, eps=1e-05, momentum=0.1, affine=True, track_running_stats=True)
                  (relu): ReLU(inplace=True)
                  (conv2): Conv2d(128, 128, kernel_size=(3, 3), stride=(1, 1), padding=(1, 1), bias=False)
                  (bn2): SyncBatchNorm(128, eps=1e-05, momentum=0.1, affine=True, track_running_stats=True)
                )
                (2): BasicBlock(
                  (conv1): Conv2d(128, 128, kernel_size=(3, 3), stride=(1, 1), padding=(1, 1), bias=False)
                  (bn1): SyncBatchNorm(128, eps=1e-05, momentum=0.1, affine=True, track_running_stats=True)
                  (relu): ReLU(inplace=True)
                  (conv2): Conv2d(128, 128, kernel_size=(3, 3), stride=(1, 1), padding=(1, 1), bias=False)
                  (bn2): SyncBatchNorm(128, eps=1e-05, momentum=0.1, affine=True, track_running_stats=True)
                )
                (3): BasicBlock(
                  (conv1): Conv2d(128, 128, kernel_size=(3, 3), stride=(1, 1), padding=(1, 1), bias=False)
                  (bn1): SyncBatchNorm(128, eps=1e-05, momentum=0.1, affine=True, track_running_stats=True)
                  (relu): ReLU(inplace=True)
                  (conv2): Conv2d(128, 128, kernel_size=(3, 3), stride=(1, 1), padding=(1, 1), bias=False)
                  (bn2): SyncBatchNorm(128, eps=1e-05, momentum=0.1, affine=True, track_running_stats=True)
                )
              )
            )
            (fuse_layers): ModuleList(
              (0): ModuleList(
                (0): None
                (1): Sequential(
                  (0): Conv2d(64, 32, kernel_size=(1, 1), stride=(1, 1), bias=False)
                  (1): SyncBatchNorm(32, eps=1e-05, momentum=0.1, affine=True, track_running_stats=True)
                  (2): Upsample(scale_factor=2.0, mode=nearest)
                )
                (2): Sequential(
                  (0): Conv2d(128, 32, kernel_size=(1, 1), stride=(1, 1), bias=False)
                  (1): SyncBatchNorm(32, eps=1e-05, momentum=0.1, affine=True, track_running_stats=True)
                  (2): Upsample(scale_factor=4.0, mode=nearest)
                )
              )
              (1): ModuleList(
                (0): Sequential(
                  (0): Sequential(
                    (0): Conv2d(32, 64, kernel_size=(3, 3), stride=(2, 2), padding=(1, 1), bias=False)
                    (1): SyncBatchNorm(64, eps=1e-05, momentum=0.1, affine=True, track_running_stats=True)
                  )
                )
                (1): None
                (2): Sequential(
                  (0): Conv2d(128, 64, kernel_size=(1, 1), stride=(1, 1), bias=False)
                  (1): SyncBatchNorm(64, eps=1e-05, momentum=0.1, affine=True, track_running_stats=True)
                  (2): Upsample(scale_factor=2.0, mode=nearest)
                )
              )
              (2): ModuleList(
                (0): Sequential(
                  (0): Sequential(
                    (0): Conv2d(32, 32, kernel_size=(3, 3), stride=(2, 2), padding=(1, 1), bias=False)
                    (1): SyncBatchNorm(32, eps=1e-05, momentum=0.1, affine=True, track_running_stats=True)
                    (2): ReLU(inplace=True)
                  )
                  (1): Sequential(
                    (0): Conv2d(32, 128, kernel_size=(3, 3), stride=(2, 2), padding=(1, 1), bias=False)
                    (1): SyncBatchNorm(128, eps=1e-05, momentum=0.1, affine=True, track_running_stats=True)
                  )
                )
                (1): Sequential(
                  (0): Sequential(
                    (0): Conv2d(64, 128, kernel_size=(3, 3), stride=(2, 2), padding=(1, 1), bias=False)
                    (1): SyncBatchNorm(128, eps=1e-05, momentum=0.1, affine=True, track_running_stats=True)
                  )
                )
                (2): None
              )
            )
            (relu): ReLU(inplace=True)
          )
          (1): HighResolutionModule(
            (branches): ModuleList(
              (0): Sequential(
                (0): BasicBlock(
                  (conv1): Conv2d(32, 32, kernel_size=(3, 3), stride=(1, 1), padding=(1, 1), bias=False)
                  (bn1): SyncBatchNorm(32, eps=1e-05, momentum=0.1, affine=True, track_running_stats=True)
                  (relu): ReLU(inplace=True)
                  (conv2): Conv2d(32, 32, kernel_size=(3, 3), stride=(1, 1), padding=(1, 1), bias=False)
                  (bn2): SyncBatchNorm(32, eps=1e-05, momentum=0.1, affine=True, track_running_stats=True)
                )
                (1): BasicBlock(
                  (conv1): Conv2d(32, 32, kernel_size=(3, 3), stride=(1, 1), padding=(1, 1), bias=False)
                  (bn1): SyncBatchNorm(32, eps=1e-05, momentum=0.1, affine=True, track_running_stats=True)
                  (relu): ReLU(inplace=True)
                  (conv2): Conv2d(32, 32, kernel_size=(3, 3), stride=(1, 1), padding=(1, 1), bias=False)
                  (bn2): SyncBatchNorm(32, eps=1e-05, momentum=0.1, affine=True, track_running_stats=True)
                )
                (2): BasicBlock(
                  (conv1): Conv2d(32, 32, kernel_size=(3, 3), stride=(1, 1), padding=(1, 1), bias=False)
                  (bn1): SyncBatchNorm(32, eps=1e-05, momentum=0.1, affine=True, track_running_stats=True)
                  (relu): ReLU(inplace=True)
                  (conv2): Conv2d(32, 32, kernel_size=(3, 3), stride=(1, 1), padding=(1, 1), bias=False)
                  (bn2): SyncBatchNorm(32, eps=1e-05, momentum=0.1, affine=True, track_running_stats=True)
                )
                (3): BasicBlock(
                  (conv1): Conv2d(32, 32, kernel_size=(3, 3), stride=(1, 1), padding=(1, 1), bias=False)
                  (bn1): SyncBatchNorm(32, eps=1e-05, momentum=0.1, affine=True, track_running_stats=True)
                  (relu): ReLU(inplace=True)
                  (conv2): Conv2d(32, 32, kernel_size=(3, 3), stride=(1, 1), padding=(1, 1), bias=False)
                  (bn2): SyncBatchNorm(32, eps=1e-05, momentum=0.1, affine=True, track_running_stats=True)
                )
              )
              (1): Sequential(
                (0): BasicBlock(
                  (conv1): Conv2d(64, 64, kernel_size=(3, 3), stride=(1, 1), padding=(1, 1), bias=False)
                  (bn1): SyncBatchNorm(64, eps=1e-05, momentum=0.1, affine=True, track_running_stats=True)
                  (relu): ReLU(inplace=True)
                  (conv2): Conv2d(64, 64, kernel_size=(3, 3), stride=(1, 1), padding=(1, 1), bias=False)
                  (bn2): SyncBatchNorm(64, eps=1e-05, momentum=0.1, affine=True, track_running_stats=True)
                )
                (1): BasicBlock(
                  (conv1): Conv2d(64, 64, kernel_size=(3, 3), stride=(1, 1), padding=(1, 1), bias=False)
                  (bn1): SyncBatchNorm(64, eps=1e-05, momentum=0.1, affine=True, track_running_stats=True)
                  (relu): ReLU(inplace=True)
                  (conv2): Conv2d(64, 64, kernel_size=(3, 3), stride=(1, 1), padding=(1, 1), bias=False)
                  (bn2): SyncBatchNorm(64, eps=1e-05, momentum=0.1, affine=True, track_running_stats=True)
                )
                (2): BasicBlock(
                  (conv1): Conv2d(64, 64, kernel_size=(3, 3), stride=(1, 1), padding=(1, 1), bias=False)
                  (bn1): SyncBatchNorm(64, eps=1e-05, momentum=0.1, affine=True, track_running_stats=True)
                  (relu): ReLU(inplace=True)
                  (conv2): Conv2d(64, 64, kernel_size=(3, 3), stride=(1, 1), padding=(1, 1), bias=False)
                  (bn2): SyncBatchNorm(64, eps=1e-05, momentum=0.1, affine=True, track_running_stats=True)
                )
                (3): BasicBlock(
                  (conv1): Conv2d(64, 64, kernel_size=(3, 3), stride=(1, 1), padding=(1, 1), bias=False)
                  (bn1): SyncBatchNorm(64, eps=1e-05, momentum=0.1, affine=True, track_running_stats=True)
                  (relu): ReLU(inplace=True)
                  (conv2): Conv2d(64, 64, kernel_size=(3, 3), stride=(1, 1), padding=(1, 1), bias=False)
                  (bn2): SyncBatchNorm(64, eps=1e-05, momentum=0.1, affine=True, track_running_stats=True)
                )
              )
              (2): Sequential(
                (0): BasicBlock(
                  (conv1): Conv2d(128, 128, kernel_size=(3, 3), stride=(1, 1), padding=(1, 1), bias=False)
                  (bn1): SyncBatchNorm(128, eps=1e-05, momentum=0.1, affine=True, track_running_stats=True)
                  (relu): ReLU(inplace=True)
                  (conv2): Conv2d(128, 128, kernel_size=(3, 3), stride=(1, 1), padding=(1, 1), bias=False)
                  (bn2): SyncBatchNorm(128, eps=1e-05, momentum=0.1, affine=True, track_running_stats=True)
                )
                (1): BasicBlock(
                  (conv1): Conv2d(128, 128, kernel_size=(3, 3), stride=(1, 1), padding=(1, 1), bias=False)
                  (bn1): SyncBatchNorm(128, eps=1e-05, momentum=0.1, affine=True, track_running_stats=True)
                  (relu): ReLU(inplace=True)
                  (conv2): Conv2d(128, 128, kernel_size=(3, 3), stride=(1, 1), padding=(1, 1), bias=False)
                  (bn2): SyncBatchNorm(128, eps=1e-05, momentum=0.1, affine=True, track_running_stats=True)
                )
                (2): BasicBlock(
                  (conv1): Conv2d(128, 128, kernel_size=(3, 3), stride=(1, 1), padding=(1, 1), bias=False)
                  (bn1): SyncBatchNorm(128, eps=1e-05, momentum=0.1, affine=True, track_running_stats=True)
                  (relu): ReLU(inplace=True)
                  (conv2): Conv2d(128, 128, kernel_size=(3, 3), stride=(1, 1), padding=(1, 1), bias=False)
                  (bn2): SyncBatchNorm(128, eps=1e-05, momentum=0.1, affine=True, track_running_stats=True)
                )
                (3): BasicBlock(
                  (conv1): Conv2d(128, 128, kernel_size=(3, 3), stride=(1, 1), padding=(1, 1), bias=False)
                  (bn1): SyncBatchNorm(128, eps=1e-05, momentum=0.1, affine=True, track_running_stats=True)
                  (relu): ReLU(inplace=True)
                  (conv2): Conv2d(128, 128, kernel_size=(3, 3), stride=(1, 1), padding=(1, 1), bias=False)
                  (bn2): SyncBatchNorm(128, eps=1e-05, momentum=0.1, affine=True, track_running_stats=True)
                )
              )
            )
            (fuse_layers): ModuleList(
              (0): ModuleList(
                (0): None
                (1): Sequential(
                  (0): Conv2d(64, 32, kernel_size=(1, 1), stride=(1, 1), bias=False)
                  (1): SyncBatchNorm(32, eps=1e-05, momentum=0.1, affine=True, track_running_stats=True)
                  (2): Upsample(scale_factor=2.0, mode=nearest)
                )
                (2): Sequential(
                  (0): Conv2d(128, 32, kernel_size=(1, 1), stride=(1, 1), bias=False)
                  (1): SyncBatchNorm(32, eps=1e-05, momentum=0.1, affine=True, track_running_stats=True)
                  (2): Upsample(scale_factor=4.0, mode=nearest)
                )
              )
              (1): ModuleList(
                (0): Sequential(
                  (0): Sequential(
                    (0): Conv2d(32, 64, kernel_size=(3, 3), stride=(2, 2), padding=(1, 1), bias=False)
                    (1): SyncBatchNorm(64, eps=1e-05, momentum=0.1, affine=True, track_running_stats=True)
                  )
                )
                (1): None
                (2): Sequential(
                  (0): Conv2d(128, 64, kernel_size=(1, 1), stride=(1, 1), bias=False)
                  (1): SyncBatchNorm(64, eps=1e-05, momentum=0.1, affine=True, track_running_stats=True)
                  (2): Upsample(scale_factor=2.0, mode=nearest)
                )
              )
              (2): ModuleList(
                (0): Sequential(
                  (0): Sequential(
                    (0): Conv2d(32, 32, kernel_size=(3, 3), stride=(2, 2), padding=(1, 1), bias=False)
                    (1): SyncBatchNorm(32, eps=1e-05, momentum=0.1, affine=True, track_running_stats=True)
                    (2): ReLU(inplace=True)
                  )
                  (1): Sequential(
                    (0): Conv2d(32, 128, kernel_size=(3, 3), stride=(2, 2), padding=(1, 1), bias=False)
                    (1): SyncBatchNorm(128, eps=1e-05, momentum=0.1, affine=True, track_running_stats=True)
                  )
                )
                (1): Sequential(
                  (0): Sequential(
                    (0): Conv2d(64, 128, kernel_size=(3, 3), stride=(2, 2), padding=(1, 1), bias=False)
                    (1): SyncBatchNorm(128, eps=1e-05, momentum=0.1, affine=True, track_running_stats=True)
                  )
                )
                (2): None
              )
            )
            (relu): ReLU(inplace=True)
          )
          (2): HighResolutionModule(
            (branches): ModuleList(
              (0): Sequential(
                (0): BasicBlock(
                  (conv1): Conv2d(32, 32, kernel_size=(3, 3), stride=(1, 1), padding=(1, 1), bias=False)
                  (bn1): SyncBatchNorm(32, eps=1e-05, momentum=0.1, affine=True, track_running_stats=True)
                  (relu): ReLU(inplace=True)
                  (conv2): Conv2d(32, 32, kernel_size=(3, 3), stride=(1, 1), padding=(1, 1), bias=False)
                  (bn2): SyncBatchNorm(32, eps=1e-05, momentum=0.1, affine=True, track_running_stats=True)
                )
                (1): BasicBlock(
                  (conv1): Conv2d(32, 32, kernel_size=(3, 3), stride=(1, 1), padding=(1, 1), bias=False)
                  (bn1): SyncBatchNorm(32, eps=1e-05, momentum=0.1, affine=True, track_running_stats=True)
                  (relu): ReLU(inplace=True)
                  (conv2): Conv2d(32, 32, kernel_size=(3, 3), stride=(1, 1), padding=(1, 1), bias=False)
                  (bn2): SyncBatchNorm(32, eps=1e-05, momentum=0.1, affine=True, track_running_stats=True)
                )
                (2): BasicBlock(
                  (conv1): Conv2d(32, 32, kernel_size=(3, 3), stride=(1, 1), padding=(1, 1), bias=False)
                  (bn1): SyncBatchNorm(32, eps=1e-05, momentum=0.1, affine=True, track_running_stats=True)
                  (relu): ReLU(inplace=True)
                  (conv2): Conv2d(32, 32, kernel_size=(3, 3), stride=(1, 1), padding=(1, 1), bias=False)
                  (bn2): SyncBatchNorm(32, eps=1e-05, momentum=0.1, affine=True, track_running_stats=True)
                )
                (3): BasicBlock(
                  (conv1): Conv2d(32, 32, kernel_size=(3, 3), stride=(1, 1), padding=(1, 1), bias=False)
                  (bn1): SyncBatchNorm(32, eps=1e-05, momentum=0.1, affine=True, track_running_stats=True)
                  (relu): ReLU(inplace=True)
                  (conv2): Conv2d(32, 32, kernel_size=(3, 3), stride=(1, 1), padding=(1, 1), bias=False)
                  (bn2): SyncBatchNorm(32, eps=1e-05, momentum=0.1, affine=True, track_running_stats=True)
                )
              )
              (1): Sequential(
                (0): BasicBlock(
                  (conv1): Conv2d(64, 64, kernel_size=(3, 3), stride=(1, 1), padding=(1, 1), bias=False)
                  (bn1): SyncBatchNorm(64, eps=1e-05, momentum=0.1, affine=True, track_running_stats=True)
                  (relu): ReLU(inplace=True)
                  (conv2): Conv2d(64, 64, kernel_size=(3, 3), stride=(1, 1), padding=(1, 1), bias=False)
                  (bn2): SyncBatchNorm(64, eps=1e-05, momentum=0.1, affine=True, track_running_stats=True)
                )
                (1): BasicBlock(
                  (conv1): Conv2d(64, 64, kernel_size=(3, 3), stride=(1, 1), padding=(1, 1), bias=False)
                  (bn1): SyncBatchNorm(64, eps=1e-05, momentum=0.1, affine=True, track_running_stats=True)
                  (relu): ReLU(inplace=True)
                  (conv2): Conv2d(64, 64, kernel_size=(3, 3), stride=(1, 1), padding=(1, 1), bias=False)
                  (bn2): SyncBatchNorm(64, eps=1e-05, momentum=0.1, affine=True, track_running_stats=True)
                )
                (2): BasicBlock(
                  (conv1): Conv2d(64, 64, kernel_size=(3, 3), stride=(1, 1), padding=(1, 1), bias=False)
                  (bn1): SyncBatchNorm(64, eps=1e-05, momentum=0.1, affine=True, track_running_stats=True)
                  (relu): ReLU(inplace=True)
                  (conv2): Conv2d(64, 64, kernel_size=(3, 3), stride=(1, 1), padding=(1, 1), bias=False)
                  (bn2): SyncBatchNorm(64, eps=1e-05, momentum=0.1, affine=True, track_running_stats=True)
                )
                (3): BasicBlock(
                  (conv1): Conv2d(64, 64, kernel_size=(3, 3), stride=(1, 1), padding=(1, 1), bias=False)
                  (bn1): SyncBatchNorm(64, eps=1e-05, momentum=0.1, affine=True, track_running_stats=True)
                  (relu): ReLU(inplace=True)
                  (conv2): Conv2d(64, 64, kernel_size=(3, 3), stride=(1, 1), padding=(1, 1), bias=False)
                  (bn2): SyncBatchNorm(64, eps=1e-05, momentum=0.1, affine=True, track_running_stats=True)
                )
              )
              (2): Sequential(
                (0): BasicBlock(
                  (conv1): Conv2d(128, 128, kernel_size=(3, 3), stride=(1, 1), padding=(1, 1), bias=False)
                  (bn1): SyncBatchNorm(128, eps=1e-05, momentum=0.1, affine=True, track_running_stats=True)
                  (relu): ReLU(inplace=True)
                  (conv2): Conv2d(128, 128, kernel_size=(3, 3), stride=(1, 1), padding=(1, 1), bias=False)
                  (bn2): SyncBatchNorm(128, eps=1e-05, momentum=0.1, affine=True, track_running_stats=True)
                )
                (1): BasicBlock(
                  (conv1): Conv2d(128, 128, kernel_size=(3, 3), stride=(1, 1), padding=(1, 1), bias=False)
                  (bn1): SyncBatchNorm(128, eps=1e-05, momentum=0.1, affine=True, track_running_stats=True)
                  (relu): ReLU(inplace=True)
                  (conv2): Conv2d(128, 128, kernel_size=(3, 3), stride=(1, 1), padding=(1, 1), bias=False)
                  (bn2): SyncBatchNorm(128, eps=1e-05, momentum=0.1, affine=True, track_running_stats=True)
                )
                (2): BasicBlock(
                  (conv1): Conv2d(128, 128, kernel_size=(3, 3), stride=(1, 1), padding=(1, 1), bias=False)
                  (bn1): SyncBatchNorm(128, eps=1e-05, momentum=0.1, affine=True, track_running_stats=True)
                  (relu): ReLU(inplace=True)
                  (conv2): Conv2d(128, 128, kernel_size=(3, 3), stride=(1, 1), padding=(1, 1), bias=False)
                  (bn2): SyncBatchNorm(128, eps=1e-05, momentum=0.1, affine=True, track_running_stats=True)
                )
                (3): BasicBlock(
                  (conv1): Conv2d(128, 128, kernel_size=(3, 3), stride=(1, 1), padding=(1, 1), bias=False)
                  (bn1): SyncBatchNorm(128, eps=1e-05, momentum=0.1, affine=True, track_running_stats=True)
                  (relu): ReLU(inplace=True)
                  (conv2): Conv2d(128, 128, kernel_size=(3, 3), stride=(1, 1), padding=(1, 1), bias=False)
                  (bn2): SyncBatchNorm(128, eps=1e-05, momentum=0.1, affine=True, track_running_stats=True)
                )
              )
            )
            (fuse_layers): ModuleList(
              (0): ModuleList(
                (0): None
                (1): Sequential(
                  (0): Conv2d(64, 32, kernel_size=(1, 1), stride=(1, 1), bias=False)
                  (1): SyncBatchNorm(32, eps=1e-05, momentum=0.1, affine=True, track_running_stats=True)
                  (2): Upsample(scale_factor=2.0, mode=nearest)
                )
                (2): Sequential(
                  (0): Conv2d(128, 32, kernel_size=(1, 1), stride=(1, 1), bias=False)
                  (1): SyncBatchNorm(32, eps=1e-05, momentum=0.1, affine=True, track_running_stats=True)
                  (2): Upsample(scale_factor=4.0, mode=nearest)
                )
              )
              (1): ModuleList(
                (0): Sequential(
                  (0): Sequential(
                    (0): Conv2d(32, 64, kernel_size=(3, 3), stride=(2, 2), padding=(1, 1), bias=False)
                    (1): SyncBatchNorm(64, eps=1e-05, momentum=0.1, affine=True, track_running_stats=True)
                  )
                )
                (1): None
                (2): Sequential(
                  (0): Conv2d(128, 64, kernel_size=(1, 1), stride=(1, 1), bias=False)
                  (1): SyncBatchNorm(64, eps=1e-05, momentum=0.1, affine=True, track_running_stats=True)
                  (2): Upsample(scale_factor=2.0, mode=nearest)
                )
              )
              (2): ModuleList(
                (0): Sequential(
                  (0): Sequential(
                    (0): Conv2d(32, 32, kernel_size=(3, 3), stride=(2, 2), padding=(1, 1), bias=False)
                    (1): SyncBatchNorm(32, eps=1e-05, momentum=0.1, affine=True, track_running_stats=True)
                    (2): ReLU(inplace=True)
                  )
                  (1): Sequential(
                    (0): Conv2d(32, 128, kernel_size=(3, 3), stride=(2, 2), padding=(1, 1), bias=False)
                    (1): SyncBatchNorm(128, eps=1e-05, momentum=0.1, affine=True, track_running_stats=True)
                  )
                )
                (1): Sequential(
                  (0): Sequential(
                    (0): Conv2d(64, 128, kernel_size=(3, 3), stride=(2, 2), padding=(1, 1), bias=False)
                    (1): SyncBatchNorm(128, eps=1e-05, momentum=0.1, affine=True, track_running_stats=True)
                  )
                )
                (2): None
              )
            )
            (relu): ReLU(inplace=True)
          )
          (3): HighResolutionModule(
            (branches): ModuleList(
              (0): Sequential(
                (0): BasicBlock(
                  (conv1): Conv2d(32, 32, kernel_size=(3, 3), stride=(1, 1), padding=(1, 1), bias=False)
                  (bn1): SyncBatchNorm(32, eps=1e-05, momentum=0.1, affine=True, track_running_stats=True)
                  (relu): ReLU(inplace=True)
                  (conv2): Conv2d(32, 32, kernel_size=(3, 3), stride=(1, 1), padding=(1, 1), bias=False)
                  (bn2): SyncBatchNorm(32, eps=1e-05, momentum=0.1, affine=True, track_running_stats=True)
                )
                (1): BasicBlock(
                  (conv1): Conv2d(32, 32, kernel_size=(3, 3), stride=(1, 1), padding=(1, 1), bias=False)
                  (bn1): SyncBatchNorm(32, eps=1e-05, momentum=0.1, affine=True, track_running_stats=True)
                  (relu): ReLU(inplace=True)
                  (conv2): Conv2d(32, 32, kernel_size=(3, 3), stride=(1, 1), padding=(1, 1), bias=False)
                  (bn2): SyncBatchNorm(32, eps=1e-05, momentum=0.1, affine=True, track_running_stats=True)
                )
                (2): BasicBlock(
                  (conv1): Conv2d(32, 32, kernel_size=(3, 3), stride=(1, 1), padding=(1, 1), bias=False)
                  (bn1): SyncBatchNorm(32, eps=1e-05, momentum=0.1, affine=True, track_running_stats=True)
                  (relu): ReLU(inplace=True)
                  (conv2): Conv2d(32, 32, kernel_size=(3, 3), stride=(1, 1), padding=(1, 1), bias=False)
                  (bn2): SyncBatchNorm(32, eps=1e-05, momentum=0.1, affine=True, track_running_stats=True)
                )
                (3): BasicBlock(
                  (conv1): Conv2d(32, 32, kernel_size=(3, 3), stride=(1, 1), padding=(1, 1), bias=False)
                  (bn1): SyncBatchNorm(32, eps=1e-05, momentum=0.1, affine=True, track_running_stats=True)
                  (relu): ReLU(inplace=True)
                  (conv2): Conv2d(32, 32, kernel_size=(3, 3), stride=(1, 1), padding=(1, 1), bias=False)
                  (bn2): SyncBatchNorm(32, eps=1e-05, momentum=0.1, affine=True, track_running_stats=True)
                )
              )
              (1): Sequential(
                (0): BasicBlock(
                  (conv1): Conv2d(64, 64, kernel_size=(3, 3), stride=(1, 1), padding=(1, 1), bias=False)
                  (bn1): SyncBatchNorm(64, eps=1e-05, momentum=0.1, affine=True, track_running_stats=True)
                  (relu): ReLU(inplace=True)
                  (conv2): Conv2d(64, 64, kernel_size=(3, 3), stride=(1, 1), padding=(1, 1), bias=False)
                  (bn2): SyncBatchNorm(64, eps=1e-05, momentum=0.1, affine=True, track_running_stats=True)
                )
                (1): BasicBlock(
                  (conv1): Conv2d(64, 64, kernel_size=(3, 3), stride=(1, 1), padding=(1, 1), bias=False)
                  (bn1): SyncBatchNorm(64, eps=1e-05, momentum=0.1, affine=True, track_running_stats=True)
                  (relu): ReLU(inplace=True)
                  (conv2): Conv2d(64, 64, kernel_size=(3, 3), stride=(1, 1), padding=(1, 1), bias=False)
                  (bn2): SyncBatchNorm(64, eps=1e-05, momentum=0.1, affine=True, track_running_stats=True)
                )
                (2): BasicBlock(
                  (conv1): Conv2d(64, 64, kernel_size=(3, 3), stride=(1, 1), padding=(1, 1), bias=False)
                  (bn1): SyncBatchNorm(64, eps=1e-05, momentum=0.1, affine=True, track_running_stats=True)
                  (relu): ReLU(inplace=True)
                  (conv2): Conv2d(64, 64, kernel_size=(3, 3), stride=(1, 1), padding=(1, 1), bias=False)
                  (bn2): SyncBatchNorm(64, eps=1e-05, momentum=0.1, affine=True, track_running_stats=True)
                )
                (3): BasicBlock(
                  (conv1): Conv2d(64, 64, kernel_size=(3, 3), stride=(1, 1), padding=(1, 1), bias=False)
                  (bn1): SyncBatchNorm(64, eps=1e-05, momentum=0.1, affine=True, track_running_stats=True)
                  (relu): ReLU(inplace=True)
                  (conv2): Conv2d(64, 64, kernel_size=(3, 3), stride=(1, 1), padding=(1, 1), bias=False)
                  (bn2): SyncBatchNorm(64, eps=1e-05, momentum=0.1, affine=True, track_running_stats=True)
                )
              )
              (2): Sequential(
                (0): BasicBlock(
                  (conv1): Conv2d(128, 128, kernel_size=(3, 3), stride=(1, 1), padding=(1, 1), bias=False)
                  (bn1): SyncBatchNorm(128, eps=1e-05, momentum=0.1, affine=True, track_running_stats=True)
                  (relu): ReLU(inplace=True)
                  (conv2): Conv2d(128, 128, kernel_size=(3, 3), stride=(1, 1), padding=(1, 1), bias=False)
                  (bn2): SyncBatchNorm(128, eps=1e-05, momentum=0.1, affine=True, track_running_stats=True)
                )
                (1): BasicBlock(
                  (conv1): Conv2d(128, 128, kernel_size=(3, 3), stride=(1, 1), padding=(1, 1), bias=False)
                  (bn1): SyncBatchNorm(128, eps=1e-05, momentum=0.1, affine=True, track_running_stats=True)
                  (relu): ReLU(inplace=True)
                  (conv2): Conv2d(128, 128, kernel_size=(3, 3), stride=(1, 1), padding=(1, 1), bias=False)
                  (bn2): SyncBatchNorm(128, eps=1e-05, momentum=0.1, affine=True, track_running_stats=True)
                )
                (2): BasicBlock(
                  (conv1): Conv2d(128, 128, kernel_size=(3, 3), stride=(1, 1), padding=(1, 1), bias=False)
                  (bn1): SyncBatchNorm(128, eps=1e-05, momentum=0.1, affine=True, track_running_stats=True)
                  (relu): ReLU(inplace=True)
                  (conv2): Conv2d(128, 128, kernel_size=(3, 3), stride=(1, 1), padding=(1, 1), bias=False)
                  (bn2): SyncBatchNorm(128, eps=1e-05, momentum=0.1, affine=True, track_running_stats=True)
                )
                (3): BasicBlock(
                  (conv1): Conv2d(128, 128, kernel_size=(3, 3), stride=(1, 1), padding=(1, 1), bias=False)
                  (bn1): SyncBatchNorm(128, eps=1e-05, momentum=0.1, affine=True, track_running_stats=True)
                  (relu): ReLU(inplace=True)
                  (conv2): Conv2d(128, 128, kernel_size=(3, 3), stride=(1, 1), padding=(1, 1), bias=False)
                  (bn2): SyncBatchNorm(128, eps=1e-05, momentum=0.1, affine=True, track_running_stats=True)
                )
              )
            )
            (fuse_layers): ModuleList(
              (0): ModuleList(
                (0): None
                (1): Sequential(
                  (0): Conv2d(64, 32, kernel_size=(1, 1), stride=(1, 1), bias=False)
                  (1): SyncBatchNorm(32, eps=1e-05, momentum=0.1, affine=True, track_running_stats=True)
                  (2): Upsample(scale_factor=2.0, mode=nearest)
                )
                (2): Sequential(
                  (0): Conv2d(128, 32, kernel_size=(1, 1), stride=(1, 1), bias=False)
                  (1): SyncBatchNorm(32, eps=1e-05, momentum=0.1, affine=True, track_running_stats=True)
                  (2): Upsample(scale_factor=4.0, mode=nearest)
                )
              )
              (1): ModuleList(
                (0): Sequential(
                  (0): Sequential(
                    (0): Conv2d(32, 64, kernel_size=(3, 3), stride=(2, 2), padding=(1, 1), bias=False)
                    (1): SyncBatchNorm(64, eps=1e-05, momentum=0.1, affine=True, track_running_stats=True)
                  )
                )
                (1): None
                (2): Sequential(
                  (0): Conv2d(128, 64, kernel_size=(1, 1), stride=(1, 1), bias=False)
                  (1): SyncBatchNorm(64, eps=1e-05, momentum=0.1, affine=True, track_running_stats=True)
                  (2): Upsample(scale_factor=2.0, mode=nearest)
                )
              )
              (2): ModuleList(
                (0): Sequential(
                  (0): Sequential(
                    (0): Conv2d(32, 32, kernel_size=(3, 3), stride=(2, 2), padding=(1, 1), bias=False)
                    (1): SyncBatchNorm(32, eps=1e-05, momentum=0.1, affine=True, track_running_stats=True)
                    (2): ReLU(inplace=True)
                  )
                  (1): Sequential(
                    (0): Conv2d(32, 128, kernel_size=(3, 3), stride=(2, 2), padding=(1, 1), bias=False)
                    (1): SyncBatchNorm(128, eps=1e-05, momentum=0.1, affine=True, track_running_stats=True)
                  )
                )
                (1): Sequential(
                  (0): Sequential(
                    (0): Conv2d(64, 128, kernel_size=(3, 3), stride=(2, 2), padding=(1, 1), bias=False)
                    (1): SyncBatchNorm(128, eps=1e-05, momentum=0.1, affine=True, track_running_stats=True)
                  )
                )
                (2): None
              )
            )
            (relu): ReLU(inplace=True)
          )
        )
        (transition3): ModuleList(
          (0): None
          (1): None
          (2): None
          (3): Sequential(
            (0): Sequential(
              (0): Conv2d(128, 256, kernel_size=(3, 3), stride=(2, 2), padding=(1, 1), bias=False)
              (1): SyncBatchNorm(256, eps=1e-05, momentum=0.1, affine=True, track_running_stats=True)
              (2): ReLU(inplace=True)
            )
          )
        )
        (stage4): Sequential(
          (0): HighResolutionModule(
            (branches): ModuleList(
              (0): Sequential(
                (0): BasicBlock(
                  (conv1): Conv2d(32, 32, kernel_size=(3, 3), stride=(1, 1), padding=(1, 1), bias=False)
                  (bn1): SyncBatchNorm(32, eps=1e-05, momentum=0.1, affine=True, track_running_stats=True)
                  (relu): ReLU(inplace=True)
                  (conv2): Conv2d(32, 32, kernel_size=(3, 3), stride=(1, 1), padding=(1, 1), bias=False)
                  (bn2): SyncBatchNorm(32, eps=1e-05, momentum=0.1, affine=True, track_running_stats=True)
                )
                (1): BasicBlock(
                  (conv1): Conv2d(32, 32, kernel_size=(3, 3), stride=(1, 1), padding=(1, 1), bias=False)
                  (bn1): SyncBatchNorm(32, eps=1e-05, momentum=0.1, affine=True, track_running_stats=True)
                  (relu): ReLU(inplace=True)
                  (conv2): Conv2d(32, 32, kernel_size=(3, 3), stride=(1, 1), padding=(1, 1), bias=False)
                  (bn2): SyncBatchNorm(32, eps=1e-05, momentum=0.1, affine=True, track_running_stats=True)
                )
                (2): BasicBlock(
                  (conv1): Conv2d(32, 32, kernel_size=(3, 3), stride=(1, 1), padding=(1, 1), bias=False)
                  (bn1): SyncBatchNorm(32, eps=1e-05, momentum=0.1, affine=True, track_running_stats=True)
                  (relu): ReLU(inplace=True)
                  (conv2): Conv2d(32, 32, kernel_size=(3, 3), stride=(1, 1), padding=(1, 1), bias=False)
                  (bn2): SyncBatchNorm(32, eps=1e-05, momentum=0.1, affine=True, track_running_stats=True)
                )
                (3): BasicBlock(
                  (conv1): Conv2d(32, 32, kernel_size=(3, 3), stride=(1, 1), padding=(1, 1), bias=False)
                  (bn1): SyncBatchNorm(32, eps=1e-05, momentum=0.1, affine=True, track_running_stats=True)
                  (relu): ReLU(inplace=True)
                  (conv2): Conv2d(32, 32, kernel_size=(3, 3), stride=(1, 1), padding=(1, 1), bias=False)
                  (bn2): SyncBatchNorm(32, eps=1e-05, momentum=0.1, affine=True, track_running_stats=True)
                )
              )
              (1): Sequential(
                (0): BasicBlock(
                  (conv1): Conv2d(64, 64, kernel_size=(3, 3), stride=(1, 1), padding=(1, 1), bias=False)
                  (bn1): SyncBatchNorm(64, eps=1e-05, momentum=0.1, affine=True, track_running_stats=True)
                  (relu): ReLU(inplace=True)
                  (conv2): Conv2d(64, 64, kernel_size=(3, 3), stride=(1, 1), padding=(1, 1), bias=False)
                  (bn2): SyncBatchNorm(64, eps=1e-05, momentum=0.1, affine=True, track_running_stats=True)
                )
                (1): BasicBlock(
                  (conv1): Conv2d(64, 64, kernel_size=(3, 3), stride=(1, 1), padding=(1, 1), bias=False)
                  (bn1): SyncBatchNorm(64, eps=1e-05, momentum=0.1, affine=True, track_running_stats=True)
                  (relu): ReLU(inplace=True)
                  (conv2): Conv2d(64, 64, kernel_size=(3, 3), stride=(1, 1), padding=(1, 1), bias=False)
                  (bn2): SyncBatchNorm(64, eps=1e-05, momentum=0.1, affine=True, track_running_stats=True)
                )
                (2): BasicBlock(
                  (conv1): Conv2d(64, 64, kernel_size=(3, 3), stride=(1, 1), padding=(1, 1), bias=False)
                  (bn1): SyncBatchNorm(64, eps=1e-05, momentum=0.1, affine=True, track_running_stats=True)
                  (relu): ReLU(inplace=True)
                  (conv2): Conv2d(64, 64, kernel_size=(3, 3), stride=(1, 1), padding=(1, 1), bias=False)
                  (bn2): SyncBatchNorm(64, eps=1e-05, momentum=0.1, affine=True, track_running_stats=True)
                )
                (3): BasicBlock(
                  (conv1): Conv2d(64, 64, kernel_size=(3, 3), stride=(1, 1), padding=(1, 1), bias=False)
                  (bn1): SyncBatchNorm(64, eps=1e-05, momentum=0.1, affine=True, track_running_stats=True)
                  (relu): ReLU(inplace=True)
                  (conv2): Conv2d(64, 64, kernel_size=(3, 3), stride=(1, 1), padding=(1, 1), bias=False)
                  (bn2): SyncBatchNorm(64, eps=1e-05, momentum=0.1, affine=True, track_running_stats=True)
                )
              )
              (2): Sequential(
                (0): BasicBlock(
                  (conv1): Conv2d(128, 128, kernel_size=(3, 3), stride=(1, 1), padding=(1, 1), bias=False)
                  (bn1): SyncBatchNorm(128, eps=1e-05, momentum=0.1, affine=True, track_running_stats=True)
                  (relu): ReLU(inplace=True)
                  (conv2): Conv2d(128, 128, kernel_size=(3, 3), stride=(1, 1), padding=(1, 1), bias=False)
                  (bn2): SyncBatchNorm(128, eps=1e-05, momentum=0.1, affine=True, track_running_stats=True)
                )
                (1): BasicBlock(
                  (conv1): Conv2d(128, 128, kernel_size=(3, 3), stride=(1, 1), padding=(1, 1), bias=False)
                  (bn1): SyncBatchNorm(128, eps=1e-05, momentum=0.1, affine=True, track_running_stats=True)
                  (relu): ReLU(inplace=True)
                  (conv2): Conv2d(128, 128, kernel_size=(3, 3), stride=(1, 1), padding=(1, 1), bias=False)
                  (bn2): SyncBatchNorm(128, eps=1e-05, momentum=0.1, affine=True, track_running_stats=True)
                )
                (2): BasicBlock(
                  (conv1): Conv2d(128, 128, kernel_size=(3, 3), stride=(1, 1), padding=(1, 1), bias=False)
                  (bn1): SyncBatchNorm(128, eps=1e-05, momentum=0.1, affine=True, track_running_stats=True)
                  (relu): ReLU(inplace=True)
                  (conv2): Conv2d(128, 128, kernel_size=(3, 3), stride=(1, 1), padding=(1, 1), bias=False)
                  (bn2): SyncBatchNorm(128, eps=1e-05, momentum=0.1, affine=True, track_running_stats=True)
                )
                (3): BasicBlock(
                  (conv1): Conv2d(128, 128, kernel_size=(3, 3), stride=(1, 1), padding=(1, 1), bias=False)
                  (bn1): SyncBatchNorm(128, eps=1e-05, momentum=0.1, affine=True, track_running_stats=True)
                  (relu): ReLU(inplace=True)
                  (conv2): Conv2d(128, 128, kernel_size=(3, 3), stride=(1, 1), padding=(1, 1), bias=False)
                  (bn2): SyncBatchNorm(128, eps=1e-05, momentum=0.1, affine=True, track_running_stats=True)
                )
              )
              (3): Sequential(
                (0): BasicBlock(
                  (conv1): Conv2d(256, 256, kernel_size=(3, 3), stride=(1, 1), padding=(1, 1), bias=False)
                  (bn1): SyncBatchNorm(256, eps=1e-05, momentum=0.1, affine=True, track_running_stats=True)
                  (relu): ReLU(inplace=True)
                  (conv2): Conv2d(256, 256, kernel_size=(3, 3), stride=(1, 1), padding=(1, 1), bias=False)
                  (bn2): SyncBatchNorm(256, eps=1e-05, momentum=0.1, affine=True, track_running_stats=True)
                )
                (1): BasicBlock(
                  (conv1): Conv2d(256, 256, kernel_size=(3, 3), stride=(1, 1), padding=(1, 1), bias=False)
                  (bn1): SyncBatchNorm(256, eps=1e-05, momentum=0.1, affine=True, track_running_stats=True)
                  (relu): ReLU(inplace=True)
                  (conv2): Conv2d(256, 256, kernel_size=(3, 3), stride=(1, 1), padding=(1, 1), bias=False)
                  (bn2): SyncBatchNorm(256, eps=1e-05, momentum=0.1, affine=True, track_running_stats=True)
                )
                (2): BasicBlock(
                  (conv1): Conv2d(256, 256, kernel_size=(3, 3), stride=(1, 1), padding=(1, 1), bias=False)
                  (bn1): SyncBatchNorm(256, eps=1e-05, momentum=0.1, affine=True, track_running_stats=True)
                  (relu): ReLU(inplace=True)
                  (conv2): Conv2d(256, 256, kernel_size=(3, 3), stride=(1, 1), padding=(1, 1), bias=False)
                  (bn2): SyncBatchNorm(256, eps=1e-05, momentum=0.1, affine=True, track_running_stats=True)
                )
                (3): BasicBlock(
                  (conv1): Conv2d(256, 256, kernel_size=(3, 3), stride=(1, 1), padding=(1, 1), bias=False)
                  (bn1): SyncBatchNorm(256, eps=1e-05, momentum=0.1, affine=True, track_running_stats=True)
                  (relu): ReLU(inplace=True)
                  (conv2): Conv2d(256, 256, kernel_size=(3, 3), stride=(1, 1), padding=(1, 1), bias=False)
                  (bn2): SyncBatchNorm(256, eps=1e-05, momentum=0.1, affine=True, track_running_stats=True)
                )
              )
            )
            (fuse_layers): ModuleList(
              (0): ModuleList(
                (0): None
                (1): Sequential(
                  (0): Conv2d(64, 32, kernel_size=(1, 1), stride=(1, 1), bias=False)
                  (1): SyncBatchNorm(32, eps=1e-05, momentum=0.1, affine=True, track_running_stats=True)
                  (2): Upsample(scale_factor=2.0, mode=nearest)
                )
                (2): Sequential(
                  (0): Conv2d(128, 32, kernel_size=(1, 1), stride=(1, 1), bias=False)
                  (1): SyncBatchNorm(32, eps=1e-05, momentum=0.1, affine=True, track_running_stats=True)
                  (2): Upsample(scale_factor=4.0, mode=nearest)
                )
                (3): Sequential(
                  (0): Conv2d(256, 32, kernel_size=(1, 1), stride=(1, 1), bias=False)
                  (1): SyncBatchNorm(32, eps=1e-05, momentum=0.1, affine=True, track_running_stats=True)
                  (2): Upsample(scale_factor=8.0, mode=nearest)
                )
              )
              (1): ModuleList(
                (0): Sequential(
                  (0): Sequential(
                    (0): Conv2d(32, 64, kernel_size=(3, 3), stride=(2, 2), padding=(1, 1), bias=False)
                    (1): SyncBatchNorm(64, eps=1e-05, momentum=0.1, affine=True, track_running_stats=True)
                  )
                )
                (1): None
                (2): Sequential(
                  (0): Conv2d(128, 64, kernel_size=(1, 1), stride=(1, 1), bias=False)
                  (1): SyncBatchNorm(64, eps=1e-05, momentum=0.1, affine=True, track_running_stats=True)
                  (2): Upsample(scale_factor=2.0, mode=nearest)
                )
                (3): Sequential(
                  (0): Conv2d(256, 64, kernel_size=(1, 1), stride=(1, 1), bias=False)
                  (1): SyncBatchNorm(64, eps=1e-05, momentum=0.1, affine=True, track_running_stats=True)
                  (2): Upsample(scale_factor=4.0, mode=nearest)
                )
              )
              (2): ModuleList(
                (0): Sequential(
                  (0): Sequential(
                    (0): Conv2d(32, 32, kernel_size=(3, 3), stride=(2, 2), padding=(1, 1), bias=False)
                    (1): SyncBatchNorm(32, eps=1e-05, momentum=0.1, affine=True, track_running_stats=True)
                    (2): ReLU(inplace=True)
                  )
                  (1): Sequential(
                    (0): Conv2d(32, 128, kernel_size=(3, 3), stride=(2, 2), padding=(1, 1), bias=False)
                    (1): SyncBatchNorm(128, eps=1e-05, momentum=0.1, affine=True, track_running_stats=True)
                  )
                )
                (1): Sequential(
                  (0): Sequential(
                    (0): Conv2d(64, 128, kernel_size=(3, 3), stride=(2, 2), padding=(1, 1), bias=False)
                    (1): SyncBatchNorm(128, eps=1e-05, momentum=0.1, affine=True, track_running_stats=True)
                  )
                )
                (2): None
                (3): Sequential(
                  (0): Conv2d(256, 128, kernel_size=(1, 1), stride=(1, 1), bias=False)
                  (1): SyncBatchNorm(128, eps=1e-05, momentum=0.1, affine=True, track_running_stats=True)
                  (2): Upsample(scale_factor=2.0, mode=nearest)
                )
              )
              (3): ModuleList(
                (0): Sequential(
                  (0): Sequential(
                    (0): Conv2d(32, 32, kernel_size=(3, 3), stride=(2, 2), padding=(1, 1), bias=False)
                    (1): SyncBatchNorm(32, eps=1e-05, momentum=0.1, affine=True, track_running_stats=True)
                    (2): ReLU(inplace=True)
                  )
                  (1): Sequential(
                    (0): Conv2d(32, 32, kernel_size=(3, 3), stride=(2, 2), padding=(1, 1), bias=False)
                    (1): SyncBatchNorm(32, eps=1e-05, momentum=0.1, affine=True, track_running_stats=True)
                    (2): ReLU(inplace=True)
                  )
                  (2): Sequential(
                    (0): Conv2d(32, 256, kernel_size=(3, 3), stride=(2, 2), padding=(1, 1), bias=False)
                    (1): SyncBatchNorm(256, eps=1e-05, momentum=0.1, affine=True, track_running_stats=True)
                  )
                )
                (1): Sequential(
                  (0): Sequential(
                    (0): Conv2d(64, 64, kernel_size=(3, 3), stride=(2, 2), padding=(1, 1), bias=False)
                    (1): SyncBatchNorm(64, eps=1e-05, momentum=0.1, affine=True, track_running_stats=True)
                    (2): ReLU(inplace=True)
                  )
                  (1): Sequential(
                    (0): Conv2d(64, 256, kernel_size=(3, 3), stride=(2, 2), padding=(1, 1), bias=False)
                    (1): SyncBatchNorm(256, eps=1e-05, momentum=0.1, affine=True, track_running_stats=True)
                  )
                )
                (2): Sequential(
                  (0): Sequential(
                    (0): Conv2d(128, 256, kernel_size=(3, 3), stride=(2, 2), padding=(1, 1), bias=False)
                    (1): SyncBatchNorm(256, eps=1e-05, momentum=0.1, affine=True, track_running_stats=True)
                  )
                )
                (3): None
              )
            )
            (relu): ReLU(inplace=True)
          )
          (1): HighResolutionModule(
            (branches): ModuleList(
              (0): Sequential(
                (0): BasicBlock(
                  (conv1): Conv2d(32, 32, kernel_size=(3, 3), stride=(1, 1), padding=(1, 1), bias=False)
                  (bn1): SyncBatchNorm(32, eps=1e-05, momentum=0.1, affine=True, track_running_stats=True)
                  (relu): ReLU(inplace=True)
                  (conv2): Conv2d(32, 32, kernel_size=(3, 3), stride=(1, 1), padding=(1, 1), bias=False)
                  (bn2): SyncBatchNorm(32, eps=1e-05, momentum=0.1, affine=True, track_running_stats=True)
                )
                (1): BasicBlock(
                  (conv1): Conv2d(32, 32, kernel_size=(3, 3), stride=(1, 1), padding=(1, 1), bias=False)
                  (bn1): SyncBatchNorm(32, eps=1e-05, momentum=0.1, affine=True, track_running_stats=True)
                  (relu): ReLU(inplace=True)
                  (conv2): Conv2d(32, 32, kernel_size=(3, 3), stride=(1, 1), padding=(1, 1), bias=False)
                  (bn2): SyncBatchNorm(32, eps=1e-05, momentum=0.1, affine=True, track_running_stats=True)
                )
                (2): BasicBlock(
                  (conv1): Conv2d(32, 32, kernel_size=(3, 3), stride=(1, 1), padding=(1, 1), bias=False)
                  (bn1): SyncBatchNorm(32, eps=1e-05, momentum=0.1, affine=True, track_running_stats=True)
                  (relu): ReLU(inplace=True)
                  (conv2): Conv2d(32, 32, kernel_size=(3, 3), stride=(1, 1), padding=(1, 1), bias=False)
                  (bn2): SyncBatchNorm(32, eps=1e-05, momentum=0.1, affine=True, track_running_stats=True)
                )
                (3): BasicBlock(
                  (conv1): Conv2d(32, 32, kernel_size=(3, 3), stride=(1, 1), padding=(1, 1), bias=False)
                  (bn1): SyncBatchNorm(32, eps=1e-05, momentum=0.1, affine=True, track_running_stats=True)
                  (relu): ReLU(inplace=True)
                  (conv2): Conv2d(32, 32, kernel_size=(3, 3), stride=(1, 1), padding=(1, 1), bias=False)
                  (bn2): SyncBatchNorm(32, eps=1e-05, momentum=0.1, affine=True, track_running_stats=True)
                )
              )
              (1): Sequential(
                (0): BasicBlock(
                  (conv1): Conv2d(64, 64, kernel_size=(3, 3), stride=(1, 1), padding=(1, 1), bias=False)
                  (bn1): SyncBatchNorm(64, eps=1e-05, momentum=0.1, affine=True, track_running_stats=True)
                  (relu): ReLU(inplace=True)
                  (conv2): Conv2d(64, 64, kernel_size=(3, 3), stride=(1, 1), padding=(1, 1), bias=False)
                  (bn2): SyncBatchNorm(64, eps=1e-05, momentum=0.1, affine=True, track_running_stats=True)
                )
                (1): BasicBlock(
                  (conv1): Conv2d(64, 64, kernel_size=(3, 3), stride=(1, 1), padding=(1, 1), bias=False)
                  (bn1): SyncBatchNorm(64, eps=1e-05, momentum=0.1, affine=True, track_running_stats=True)
                  (relu): ReLU(inplace=True)
                  (conv2): Conv2d(64, 64, kernel_size=(3, 3), stride=(1, 1), padding=(1, 1), bias=False)
                  (bn2): SyncBatchNorm(64, eps=1e-05, momentum=0.1, affine=True, track_running_stats=True)
                )
                (2): BasicBlock(
                  (conv1): Conv2d(64, 64, kernel_size=(3, 3), stride=(1, 1), padding=(1, 1), bias=False)
                  (bn1): SyncBatchNorm(64, eps=1e-05, momentum=0.1, affine=True, track_running_stats=True)
                  (relu): ReLU(inplace=True)
                  (conv2): Conv2d(64, 64, kernel_size=(3, 3), stride=(1, 1), padding=(1, 1), bias=False)
                  (bn2): SyncBatchNorm(64, eps=1e-05, momentum=0.1, affine=True, track_running_stats=True)
                )
                (3): BasicBlock(
                  (conv1): Conv2d(64, 64, kernel_size=(3, 3), stride=(1, 1), padding=(1, 1), bias=False)
                  (bn1): SyncBatchNorm(64, eps=1e-05, momentum=0.1, affine=True, track_running_stats=True)
                  (relu): ReLU(inplace=True)
                  (conv2): Conv2d(64, 64, kernel_size=(3, 3), stride=(1, 1), padding=(1, 1), bias=False)
                  (bn2): SyncBatchNorm(64, eps=1e-05, momentum=0.1, affine=True, track_running_stats=True)
                )
              )
              (2): Sequential(
                (0): BasicBlock(
                  (conv1): Conv2d(128, 128, kernel_size=(3, 3), stride=(1, 1), padding=(1, 1), bias=False)
                  (bn1): SyncBatchNorm(128, eps=1e-05, momentum=0.1, affine=True, track_running_stats=True)
                  (relu): ReLU(inplace=True)
                  (conv2): Conv2d(128, 128, kernel_size=(3, 3), stride=(1, 1), padding=(1, 1), bias=False)
                  (bn2): SyncBatchNorm(128, eps=1e-05, momentum=0.1, affine=True, track_running_stats=True)
                )
                (1): BasicBlock(
                  (conv1): Conv2d(128, 128, kernel_size=(3, 3), stride=(1, 1), padding=(1, 1), bias=False)
                  (bn1): SyncBatchNorm(128, eps=1e-05, momentum=0.1, affine=True, track_running_stats=True)
                  (relu): ReLU(inplace=True)
                  (conv2): Conv2d(128, 128, kernel_size=(3, 3), stride=(1, 1), padding=(1, 1), bias=False)
                  (bn2): SyncBatchNorm(128, eps=1e-05, momentum=0.1, affine=True, track_running_stats=True)
                )
                (2): BasicBlock(
                  (conv1): Conv2d(128, 128, kernel_size=(3, 3), stride=(1, 1), padding=(1, 1), bias=False)
                  (bn1): SyncBatchNorm(128, eps=1e-05, momentum=0.1, affine=True, track_running_stats=True)
                  (relu): ReLU(inplace=True)
                  (conv2): Conv2d(128, 128, kernel_size=(3, 3), stride=(1, 1), padding=(1, 1), bias=False)
                  (bn2): SyncBatchNorm(128, eps=1e-05, momentum=0.1, affine=True, track_running_stats=True)
                )
                (3): BasicBlock(
                  (conv1): Conv2d(128, 128, kernel_size=(3, 3), stride=(1, 1), padding=(1, 1), bias=False)
                  (bn1): SyncBatchNorm(128, eps=1e-05, momentum=0.1, affine=True, track_running_stats=True)
                  (relu): ReLU(inplace=True)
                  (conv2): Conv2d(128, 128, kernel_size=(3, 3), stride=(1, 1), padding=(1, 1), bias=False)
                  (bn2): SyncBatchNorm(128, eps=1e-05, momentum=0.1, affine=True, track_running_stats=True)
                )
              )
              (3): Sequential(
                (0): BasicBlock(
                  (conv1): Conv2d(256, 256, kernel_size=(3, 3), stride=(1, 1), padding=(1, 1), bias=False)
                  (bn1): SyncBatchNorm(256, eps=1e-05, momentum=0.1, affine=True, track_running_stats=True)
                  (relu): ReLU(inplace=True)
                  (conv2): Conv2d(256, 256, kernel_size=(3, 3), stride=(1, 1), padding=(1, 1), bias=False)
                  (bn2): SyncBatchNorm(256, eps=1e-05, momentum=0.1, affine=True, track_running_stats=True)
                )
                (1): BasicBlock(
                  (conv1): Conv2d(256, 256, kernel_size=(3, 3), stride=(1, 1), padding=(1, 1), bias=False)
                  (bn1): SyncBatchNorm(256, eps=1e-05, momentum=0.1, affine=True, track_running_stats=True)
                  (relu): ReLU(inplace=True)
                  (conv2): Conv2d(256, 256, kernel_size=(3, 3), stride=(1, 1), padding=(1, 1), bias=False)
                  (bn2): SyncBatchNorm(256, eps=1e-05, momentum=0.1, affine=True, track_running_stats=True)
                )
                (2): BasicBlock(
                  (conv1): Conv2d(256, 256, kernel_size=(3, 3), stride=(1, 1), padding=(1, 1), bias=False)
                  (bn1): SyncBatchNorm(256, eps=1e-05, momentum=0.1, affine=True, track_running_stats=True)
                  (relu): ReLU(inplace=True)
                  (conv2): Conv2d(256, 256, kernel_size=(3, 3), stride=(1, 1), padding=(1, 1), bias=False)
                  (bn2): SyncBatchNorm(256, eps=1e-05, momentum=0.1, affine=True, track_running_stats=True)
                )
                (3): BasicBlock(
                  (conv1): Conv2d(256, 256, kernel_size=(3, 3), stride=(1, 1), padding=(1, 1), bias=False)
                  (bn1): SyncBatchNorm(256, eps=1e-05, momentum=0.1, affine=True, track_running_stats=True)
                  (relu): ReLU(inplace=True)
                  (conv2): Conv2d(256, 256, kernel_size=(3, 3), stride=(1, 1), padding=(1, 1), bias=False)
                  (bn2): SyncBatchNorm(256, eps=1e-05, momentum=0.1, affine=True, track_running_stats=True)
                )
              )
            )
            (fuse_layers): ModuleList(
              (0): ModuleList(
                (0): None
                (1): Sequential(
                  (0): Conv2d(64, 32, kernel_size=(1, 1), stride=(1, 1), bias=False)
                  (1): SyncBatchNorm(32, eps=1e-05, momentum=0.1, affine=True, track_running_stats=True)
                  (2): Upsample(scale_factor=2.0, mode=nearest)
                )
                (2): Sequential(
                  (0): Conv2d(128, 32, kernel_size=(1, 1), stride=(1, 1), bias=False)
                  (1): SyncBatchNorm(32, eps=1e-05, momentum=0.1, affine=True, track_running_stats=True)
                  (2): Upsample(scale_factor=4.0, mode=nearest)
                )
                (3): Sequential(
                  (0): Conv2d(256, 32, kernel_size=(1, 1), stride=(1, 1), bias=False)
                  (1): SyncBatchNorm(32, eps=1e-05, momentum=0.1, affine=True, track_running_stats=True)
                  (2): Upsample(scale_factor=8.0, mode=nearest)
                )
              )
              (1): ModuleList(
                (0): Sequential(
                  (0): Sequential(
                    (0): Conv2d(32, 64, kernel_size=(3, 3), stride=(2, 2), padding=(1, 1), bias=False)
                    (1): SyncBatchNorm(64, eps=1e-05, momentum=0.1, affine=True, track_running_stats=True)
                  )
                )
                (1): None
                (2): Sequential(
                  (0): Conv2d(128, 64, kernel_size=(1, 1), stride=(1, 1), bias=False)
                  (1): SyncBatchNorm(64, eps=1e-05, momentum=0.1, affine=True, track_running_stats=True)
                  (2): Upsample(scale_factor=2.0, mode=nearest)
                )
                (3): Sequential(
                  (0): Conv2d(256, 64, kernel_size=(1, 1), stride=(1, 1), bias=False)
                  (1): SyncBatchNorm(64, eps=1e-05, momentum=0.1, affine=True, track_running_stats=True)
                  (2): Upsample(scale_factor=4.0, mode=nearest)
                )
              )
              (2): ModuleList(
                (0): Sequential(
                  (0): Sequential(
                    (0): Conv2d(32, 32, kernel_size=(3, 3), stride=(2, 2), padding=(1, 1), bias=False)
                    (1): SyncBatchNorm(32, eps=1e-05, momentum=0.1, affine=True, track_running_stats=True)
                    (2): ReLU(inplace=True)
                  )
                  (1): Sequential(
                    (0): Conv2d(32, 128, kernel_size=(3, 3), stride=(2, 2), padding=(1, 1), bias=False)
                    (1): SyncBatchNorm(128, eps=1e-05, momentum=0.1, affine=True, track_running_stats=True)
                  )
                )
                (1): Sequential(
                  (0): Sequential(
                    (0): Conv2d(64, 128, kernel_size=(3, 3), stride=(2, 2), padding=(1, 1), bias=False)
                    (1): SyncBatchNorm(128, eps=1e-05, momentum=0.1, affine=True, track_running_stats=True)
                  )
                )
                (2): None
                (3): Sequential(
                  (0): Conv2d(256, 128, kernel_size=(1, 1), stride=(1, 1), bias=False)
                  (1): SyncBatchNorm(128, eps=1e-05, momentum=0.1, affine=True, track_running_stats=True)
                  (2): Upsample(scale_factor=2.0, mode=nearest)
                )
              )
              (3): ModuleList(
                (0): Sequential(
                  (0): Sequential(
                    (0): Conv2d(32, 32, kernel_size=(3, 3), stride=(2, 2), padding=(1, 1), bias=False)
                    (1): SyncBatchNorm(32, eps=1e-05, momentum=0.1, affine=True, track_running_stats=True)
                    (2): ReLU(inplace=True)
                  )
                  (1): Sequential(
                    (0): Conv2d(32, 32, kernel_size=(3, 3), stride=(2, 2), padding=(1, 1), bias=False)
                    (1): SyncBatchNorm(32, eps=1e-05, momentum=0.1, affine=True, track_running_stats=True)
                    (2): ReLU(inplace=True)
                  )
                  (2): Sequential(
                    (0): Conv2d(32, 256, kernel_size=(3, 3), stride=(2, 2), padding=(1, 1), bias=False)
                    (1): SyncBatchNorm(256, eps=1e-05, momentum=0.1, affine=True, track_running_stats=True)
                  )
                )
                (1): Sequential(
                  (0): Sequential(
                    (0): Conv2d(64, 64, kernel_size=(3, 3), stride=(2, 2), padding=(1, 1), bias=False)
                    (1): SyncBatchNorm(64, eps=1e-05, momentum=0.1, affine=True, track_running_stats=True)
                    (2): ReLU(inplace=True)
                  )
                  (1): Sequential(
                    (0): Conv2d(64, 256, kernel_size=(3, 3), stride=(2, 2), padding=(1, 1), bias=False)
                    (1): SyncBatchNorm(256, eps=1e-05, momentum=0.1, affine=True, track_running_stats=True)
                  )
                )
                (2): Sequential(
                  (0): Sequential(
                    (0): Conv2d(128, 256, kernel_size=(3, 3), stride=(2, 2), padding=(1, 1), bias=False)
                    (1): SyncBatchNorm(256, eps=1e-05, momentum=0.1, affine=True, track_running_stats=True)
                  )
                )
                (3): None
              )
            )
            (relu): ReLU(inplace=True)
          )
          (2): HighResolutionModule(
            (branches): ModuleList(
              (0): Sequential(
                (0): BasicBlock(
                  (conv1): Conv2d(32, 32, kernel_size=(3, 3), stride=(1, 1), padding=(1, 1), bias=False)
                  (bn1): SyncBatchNorm(32, eps=1e-05, momentum=0.1, affine=True, track_running_stats=True)
                  (relu): ReLU(inplace=True)
                  (conv2): Conv2d(32, 32, kernel_size=(3, 3), stride=(1, 1), padding=(1, 1), bias=False)
                  (bn2): SyncBatchNorm(32, eps=1e-05, momentum=0.1, affine=True, track_running_stats=True)
                )
                (1): BasicBlock(
                  (conv1): Conv2d(32, 32, kernel_size=(3, 3), stride=(1, 1), padding=(1, 1), bias=False)
                  (bn1): SyncBatchNorm(32, eps=1e-05, momentum=0.1, affine=True, track_running_stats=True)
                  (relu): ReLU(inplace=True)
                  (conv2): Conv2d(32, 32, kernel_size=(3, 3), stride=(1, 1), padding=(1, 1), bias=False)
                  (bn2): SyncBatchNorm(32, eps=1e-05, momentum=0.1, affine=True, track_running_stats=True)
                )
                (2): BasicBlock(
                  (conv1): Conv2d(32, 32, kernel_size=(3, 3), stride=(1, 1), padding=(1, 1), bias=False)
                  (bn1): SyncBatchNorm(32, eps=1e-05, momentum=0.1, affine=True, track_running_stats=True)
                  (relu): ReLU(inplace=True)
                  (conv2): Conv2d(32, 32, kernel_size=(3, 3), stride=(1, 1), padding=(1, 1), bias=False)
                  (bn2): SyncBatchNorm(32, eps=1e-05, momentum=0.1, affine=True, track_running_stats=True)
                )
                (3): BasicBlock(
                  (conv1): Conv2d(32, 32, kernel_size=(3, 3), stride=(1, 1), padding=(1, 1), bias=False)
                  (bn1): SyncBatchNorm(32, eps=1e-05, momentum=0.1, affine=True, track_running_stats=True)
                  (relu): ReLU(inplace=True)
                  (conv2): Conv2d(32, 32, kernel_size=(3, 3), stride=(1, 1), padding=(1, 1), bias=False)
                  (bn2): SyncBatchNorm(32, eps=1e-05, momentum=0.1, affine=True, track_running_stats=True)
                )
              )
              (1): Sequential(
                (0): BasicBlock(
                  (conv1): Conv2d(64, 64, kernel_size=(3, 3), stride=(1, 1), padding=(1, 1), bias=False)
                  (bn1): SyncBatchNorm(64, eps=1e-05, momentum=0.1, affine=True, track_running_stats=True)
                  (relu): ReLU(inplace=True)
                  (conv2): Conv2d(64, 64, kernel_size=(3, 3), stride=(1, 1), padding=(1, 1), bias=False)
                  (bn2): SyncBatchNorm(64, eps=1e-05, momentum=0.1, affine=True, track_running_stats=True)
                )
                (1): BasicBlock(
                  (conv1): Conv2d(64, 64, kernel_size=(3, 3), stride=(1, 1), padding=(1, 1), bias=False)
                  (bn1): SyncBatchNorm(64, eps=1e-05, momentum=0.1, affine=True, track_running_stats=True)
                  (relu): ReLU(inplace=True)
                  (conv2): Conv2d(64, 64, kernel_size=(3, 3), stride=(1, 1), padding=(1, 1), bias=False)
                  (bn2): SyncBatchNorm(64, eps=1e-05, momentum=0.1, affine=True, track_running_stats=True)
                )
                (2): BasicBlock(
                  (conv1): Conv2d(64, 64, kernel_size=(3, 3), stride=(1, 1), padding=(1, 1), bias=False)
                  (bn1): SyncBatchNorm(64, eps=1e-05, momentum=0.1, affine=True, track_running_stats=True)
                  (relu): ReLU(inplace=True)
                  (conv2): Conv2d(64, 64, kernel_size=(3, 3), stride=(1, 1), padding=(1, 1), bias=False)
                  (bn2): SyncBatchNorm(64, eps=1e-05, momentum=0.1, affine=True, track_running_stats=True)
                )
                (3): BasicBlock(
                  (conv1): Conv2d(64, 64, kernel_size=(3, 3), stride=(1, 1), padding=(1, 1), bias=False)
                  (bn1): SyncBatchNorm(64, eps=1e-05, momentum=0.1, affine=True, track_running_stats=True)
                  (relu): ReLU(inplace=True)
                  (conv2): Conv2d(64, 64, kernel_size=(3, 3), stride=(1, 1), padding=(1, 1), bias=False)
                  (bn2): SyncBatchNorm(64, eps=1e-05, momentum=0.1, affine=True, track_running_stats=True)
                )
              )
              (2): Sequential(
                (0): BasicBlock(
                  (conv1): Conv2d(128, 128, kernel_size=(3, 3), stride=(1, 1), padding=(1, 1), bias=False)
                  (bn1): SyncBatchNorm(128, eps=1e-05, momentum=0.1, affine=True, track_running_stats=True)
                  (relu): ReLU(inplace=True)
                  (conv2): Conv2d(128, 128, kernel_size=(3, 3), stride=(1, 1), padding=(1, 1), bias=False)
                  (bn2): SyncBatchNorm(128, eps=1e-05, momentum=0.1, affine=True, track_running_stats=True)
                )
                (1): BasicBlock(
                  (conv1): Conv2d(128, 128, kernel_size=(3, 3), stride=(1, 1), padding=(1, 1), bias=False)
                  (bn1): SyncBatchNorm(128, eps=1e-05, momentum=0.1, affine=True, track_running_stats=True)
                  (relu): ReLU(inplace=True)
                  (conv2): Conv2d(128, 128, kernel_size=(3, 3), stride=(1, 1), padding=(1, 1), bias=False)
                  (bn2): SyncBatchNorm(128, eps=1e-05, momentum=0.1, affine=True, track_running_stats=True)
                )
                (2): BasicBlock(
                  (conv1): Conv2d(128, 128, kernel_size=(3, 3), stride=(1, 1), padding=(1, 1), bias=False)
                  (bn1): SyncBatchNorm(128, eps=1e-05, momentum=0.1, affine=True, track_running_stats=True)
                  (relu): ReLU(inplace=True)
                  (conv2): Conv2d(128, 128, kernel_size=(3, 3), stride=(1, 1), padding=(1, 1), bias=False)
                  (bn2): SyncBatchNorm(128, eps=1e-05, momentum=0.1, affine=True, track_running_stats=True)
                )
                (3): BasicBlock(
                  (conv1): Conv2d(128, 128, kernel_size=(3, 3), stride=(1, 1), padding=(1, 1), bias=False)
                  (bn1): SyncBatchNorm(128, eps=1e-05, momentum=0.1, affine=True, track_running_stats=True)
                  (relu): ReLU(inplace=True)
                  (conv2): Conv2d(128, 128, kernel_size=(3, 3), stride=(1, 1), padding=(1, 1), bias=False)
                  (bn2): SyncBatchNorm(128, eps=1e-05, momentum=0.1, affine=True, track_running_stats=True)
                )
              )
              (3): Sequential(
                (0): BasicBlock(
                  (conv1): Conv2d(256, 256, kernel_size=(3, 3), stride=(1, 1), padding=(1, 1), bias=False)
                  (bn1): SyncBatchNorm(256, eps=1e-05, momentum=0.1, affine=True, track_running_stats=True)
                  (relu): ReLU(inplace=True)
                  (conv2): Conv2d(256, 256, kernel_size=(3, 3), stride=(1, 1), padding=(1, 1), bias=False)
                  (bn2): SyncBatchNorm(256, eps=1e-05, momentum=0.1, affine=True, track_running_stats=True)
                )
                (1): BasicBlock(
                  (conv1): Conv2d(256, 256, kernel_size=(3, 3), stride=(1, 1), padding=(1, 1), bias=False)
                  (bn1): SyncBatchNorm(256, eps=1e-05, momentum=0.1, affine=True, track_running_stats=True)
                  (relu): ReLU(inplace=True)
                  (conv2): Conv2d(256, 256, kernel_size=(3, 3), stride=(1, 1), padding=(1, 1), bias=False)
                  (bn2): SyncBatchNorm(256, eps=1e-05, momentum=0.1, affine=True, track_running_stats=True)
                )
                (2): BasicBlock(
                  (conv1): Conv2d(256, 256, kernel_size=(3, 3), stride=(1, 1), padding=(1, 1), bias=False)
                  (bn1): SyncBatchNorm(256, eps=1e-05, momentum=0.1, affine=True, track_running_stats=True)
                  (relu): ReLU(inplace=True)
                  (conv2): Conv2d(256, 256, kernel_size=(3, 3), stride=(1, 1), padding=(1, 1), bias=False)
                  (bn2): SyncBatchNorm(256, eps=1e-05, momentum=0.1, affine=True, track_running_stats=True)
                )
                (3): BasicBlock(
                  (conv1): Conv2d(256, 256, kernel_size=(3, 3), stride=(1, 1), padding=(1, 1), bias=False)
                  (bn1): SyncBatchNorm(256, eps=1e-05, momentum=0.1, affine=True, track_running_stats=True)
                  (relu): ReLU(inplace=True)
                  (conv2): Conv2d(256, 256, kernel_size=(3, 3), stride=(1, 1), padding=(1, 1), bias=False)
                  (bn2): SyncBatchNorm(256, eps=1e-05, momentum=0.1, affine=True, track_running_stats=True)
                )
              )
            )
            (fuse_layers): ModuleList(
              (0): ModuleList(
                (0): None
                (1): Sequential(
                  (0): Conv2d(64, 32, kernel_size=(1, 1), stride=(1, 1), bias=False)
                  (1): SyncBatchNorm(32, eps=1e-05, momentum=0.1, affine=True, track_running_stats=True)
                  (2): Upsample(scale_factor=2.0, mode=nearest)
                )
                (2): Sequential(
                  (0): Conv2d(128, 32, kernel_size=(1, 1), stride=(1, 1), bias=False)
                  (1): SyncBatchNorm(32, eps=1e-05, momentum=0.1, affine=True, track_running_stats=True)
                  (2): Upsample(scale_factor=4.0, mode=nearest)
                )
                (3): Sequential(
                  (0): Conv2d(256, 32, kernel_size=(1, 1), stride=(1, 1), bias=False)
                  (1): SyncBatchNorm(32, eps=1e-05, momentum=0.1, affine=True, track_running_stats=True)
                  (2): Upsample(scale_factor=8.0, mode=nearest)
                )
              )
            )
            (relu): ReLU(inplace=True)
          )
        )
        (final_layer): Conv2d(32, 17, kernel_size=(1, 1), stride=(1, 1))
      )
    )
  )
  (local_head): UpsampleLocalHead(
    (conv1): Conv2d(32, 16, kernel_size=(3, 3), stride=(1, 1), padding=(1, 1))
    (bn1): SyncBatchNorm(16, eps=1e-05, momentum=0.1, affine=True, track_running_stats=True)
    (relu): ReLU(inplace=True)
    (out_conv): Conv2d(16, 1, kernel_size=(1, 1), stride=(1, 1))
  )
  (detect_head): DetectHead(
    (pool_avg): AdaptiveAvgPool2d(output_size=1)
    (pool_max): AdaptiveMaxPool2d(output_size=1)
    (mlp): Sequential(
      (0): Linear(in_features=64, out_features=256, bias=True)
      (1): ReLU(inplace=True)
      (2): Linear(in_features=256, out_features=1, bias=True)
    )
  )
)
[20:25:13.657250] base lr: 1.60e-03
[20:25:13.657267] actual lr: 1.00e-04
[20:25:13.657279] accumulate grad iterations: 1
[20:25:13.657291] effective batch size: 16
[20:25:13.657313] master port: 40083
[20:25:13.779778] AdamW (
Parameter Group 0
    amsgrad: False
    betas: (0.9, 0.999)
    eps: 1e-08
    lr: 0.0001
    weight_decay: 0.0

Parameter Group 1
    amsgrad: False
    betas: (0.9, 0.999)
    eps: 1e-08
    lr: 0.0001
    weight_decay: 0.005
)
[20:25:13.779876] Start training for 100 epochs
[20:25:13.779893] DEBUG: epochs = 100 start_epoch = 0
[20:25:13.782521] Auto Mixed Precision (AMP) is enabled.
[20:25:13.783127] log_dir: ./log/columbia
[20:25:20.567154] Epoch: [0]  [ 0/22]  eta: 0:02:29  lr: 0.000000  loss_label: [local: 2.3160 | reduced: 2.3160]  loss_mask: [local: 0.7773 | reduced: 0.7773]  time: 6.7834  data: 5.8729  max mem: 4847
*****************************************
Setting OMP_NUM_THREADS environment variable for each process to be 1 in default, to avoid your system being overloaded, please further tune the variable for optimal performance in your application as needed. 
*****************************************
